cl : command line  warning D9035: option 'Gm' has been deprecated and will be removed in a future release
  tool_base.cpp
  recursive_fill_tool.cpp
  rectangle_tool.cpp
  pen_tool.cpp
  non_recursive_fill_tool.cpp
  line_fill_tool.cpp
  dda_line_tool.cpp
  bresenham_line_tool.cpp
  bresenham_circle_tool.cpp
  preview_renderer.cpp
  main.cpp
  canvas_renderer.cpp
  canvas_buffer.cpp
  application.cpp
  Generating Code...
application.obj : warning LNK4075: ignoring '/EDITANDCONTINUE' due to '/SAFESEH' specification
  raster_graphics.vcxproj -> C:\Users\Oleg\Downloads\Archievs\02_raster_graphics\build\vs2022\Debug\raster_graphics.exe
  Copy freeglut .dll to executable location
  ..\..\dependencies\freeglut\lib\freeglut.dll
  1 File(s) copied
